<?xml version="1.0" encoding="UTF-8"?>
<testng-results skipped="0" failed="0" total="1" passed="1">
  <reporter-output>
  </reporter-output>
  <suite name="Suite" duration-ms="12697" started-at="2017-02-06T13:22:28Z" finished-at="2017-02-06T13:22:41Z">
    <groups>
    </groups>
    <test name="Test" duration-ms="12697" started-at="2017-02-06T13:22:28Z" finished-at="2017-02-06T13:22:41Z">
      <class name="NewTest.NewTest">
        <test-method status="PASS" signature="beforeTest()[pri:0, instance:NewTest.NewTest@6aaa5eb0]" name="beforeTest" is-config="true" duration-ms="1873" started-at="2017-02-06T16:22:28Z" finished-at="2017-02-06T16:22:30Z">
          <reporter-output>
          </reporter-output>
        </test-method> <!-- beforeTest -->
        <test-method status="PASS" signature="testEasy()[pri:0, instance:NewTest.NewTest@6aaa5eb0]" name="testEasy" duration-ms="10474" started-at="2017-02-06T16:22:30Z" finished-at="2017-02-06T16:22:40Z">
          <reporter-output>
          </reporter-output>
        </test-method> <!-- testEasy -->
        <test-method status="PASS" signature="afterTest()[pri:0, instance:NewTest.NewTest@6aaa5eb0]" name="afterTest" is-config="true" duration-ms="345" started-at="2017-02-06T16:22:40Z" finished-at="2017-02-06T16:22:41Z">
          <reporter-output>
          </reporter-output>
        </test-method> <!-- afterTest -->
      </class> <!-- NewTest.NewTest -->
    </test> <!-- Test -->
  </suite> <!-- Suite -->
</testng-results>
